
Building the Spreadsort docs with automatic index generation enabled.
Performing configuration checks

    - symlinks supported       : yes (cached)
...patience...
...found 1348 targets...
...updating 12 targets...
quickbook.quickbook-to-boostbook ..\..\..\bin.v2\libs\sort\doc\msvc-12.0\debug\auto-index-internal-on\auto-index-verbose-on\auto-index-on\threading-multi\sort.xml
Generating Output File: ..\..\..\bin.v2\libs\sort\doc\msvc-12.0\debug\auto-index-internal-on\auto-index-verbose-on\auto-index-on\threading-multi\sort.xml
sort.qbk: warning: Quickbook 1.7 is still under development and is likely to change in the future.
doxygen-action ..\..\..\bin.v2\libs\sort\doc\msvc-12.0\debug\auto-index-internal-on\auto-index-verbose-on\auto-index-on\threading-multi\autodoc-xml.xml-dir
Searching for include files...
Searching for example files...
Searching for images...
Searching for dot files...
Searching for msc files...
Searching for dia files...
Searching for files to exclude
Searching for files to process...
Reading and parsing tag files
Parsing files
Preprocessing I:/modular-boost/libs/sort/include/boost/sort/spreadsort/float_sort.hpp...
Parsing file I:/modular-boost/libs/sort/include/boost/sort/spreadsort/float_sort.hpp...
Preprocessing I:/modular-boost/libs/sort/include/boost/sort/spreadsort/integer_sort.hpp...
Parsing file I:/modular-boost/libs/sort/include/boost/sort/spreadsort/integer_sort.hpp...
Preprocessing I:/modular-boost/libs/sort/include/boost/sort/spreadsort/spreadsort.hpp...
Parsing file I:/modular-boost/libs/sort/include/boost/sort/spreadsort/spreadsort.hpp...
Preprocessing I:/modular-boost/libs/sort/include/boost/sort/spreadsort/string_sort.hpp...
Parsing file I:/modular-boost/libs/sort/include/boost/sort/spreadsort/string_sort.hpp...
Building group list...
Building directory list...
Building namespace list...
Building file list...
Building class list...
Associating documentation with classes...
Computing nesting relations for classes...
Building example list...
Searching for enumerations...
Searching for documented typedefs...
Searching for members imported via using declarations...
Searching for included using directives...
Searching for documented variables...
Building interface member list...
Building member list...
Searching for friends...
Searching for documented defines...
Computing class inheritance relations...
Computing class usage relations...
Flushing cached template relations that have become invalid...
Creating members for template instances...
Computing class relations...
Add enum values to enums...
Searching for member function documentation...
Building page list...
Search for main page...
Computing page relations...
Determining the scope of groups...
Sorting lists...
Freeing entry tree
Determining which enums are documented
Computing member relations...
Building full member lists recursively...
Adding members to member groups.
Computing member references...
Inheriting documentation...
Generating disk names...
Adding source references...
Adding xrefitems...
Sorting member lists...
Computing dependencies between directories...
Generating citations page...
Counting data structures...
Resolving user defined references...
Finding anchors and sections in the documentation...
Transferring function references...
Combining using relations...
Adding members to index pages...
Generating style sheet...
Generating example documentation...
Generating file sources...
Generating file documentation...
Generating page documentation...
Generating group documentation...
Generating class documentation...
Generating namespace index...
Generating docs for namespace boost::sort
Generating graph info page...
Generating directory documentation...
finalizing index lists...
writing tag file...
Generating XML output...
Generating XML output for namespace boost
Generating XML output for namespace boost::sort
Generating XML output for file float_sort.hpp
Generating XML output for file integer_sort.hpp
Generating XML output for file spreadsort.hpp
Generating XML output for file string_sort.hpp
Generate XML output for dir I:/modular-boost/libs/sort/include/boost/
Generate XML output for dir I:/modular-boost/libs/sort/include/
Generate XML output for dir I:/modular-boost/libs/sort/include/boost/sort/
Generate XML output for dir I:/modular-boost/libs/sort/include/boost/sort/spreadsort/
lookup cache used 15/65536 hits=55 misses=15
finished...
xslt-xsltproc.windows ..\..\..\bin.v2\libs\sort\doc\msvc-12.0\debug\auto-index-internal-on\auto-index-verbose-on\auto-index-on\threading-multi\autodoc-xml.doxygen
xslt-xsltproc.windows ..\..\..\bin.v2\libs\sort\doc\msvc-12.0\debug\auto-index-internal-on\auto-index-verbose-on\auto-index-on\threading-multi\autodoc-xml.boostbook
common.copy autodoc.xml
..\..\..\bin.v2\libs\sort\doc\msvc-12.0\debug\auto-index-internal-on\auto-index-verbose-on\auto-index-on\threading-multi\autodoc-xml.boostbook
        1 file(s) copied.
xslt-xsltproc.windows ..\..\..\bin.v2\libs\sort\doc\msvc-12.0\debug\auto-index-internal-on\auto-index-verbose-on\auto-index-on\threading-multi\sort.docbook
Reference to function 'boost::sort::string_sort' is ambiguous. Found:
              Match in namespace ::
              Match in namespace ::
              Match in namespace ::
              Match in namespace ::
Reference to function 'boost::sort::string_sort' is ambiguous. Found:
              Match in namespace ::
              Match in namespace ::
              Match in namespace ::
              Match in namespace ::
Reference to function 'boost::sort::integer_sort' is ambiguous. Found:
              Match in namespace ::
              Match in namespace ::
              Match in namespace ::
Reference to function 'boost::sort::float_sort' is ambiguous. Found:
              Match in namespace ::
              Match in namespace ::
              Match in namespace ::
Reference to function 'boost::sort::string_sort' is ambiguous. Found:
              Match in namespace ::
              Match in namespace ::
              Match in namespace ::
              Match in namespace ::
Reference to function 'boost::sort::string_sort' is ambiguous. Found:
              Match in namespace ::
              Match in namespace ::
              Match in namespace ::
              Match in namespace ::
Reference to function 'boost::sort::integer_sort' is ambiguous. Found:
              Match in namespace ::
              Match in namespace ::
              Match in namespace ::
Reference to function 'boost::sort::float_sort' is ambiguous. Found:
              Match in namespace ::
              Match in namespace ::
              Match in namespace ::
Reference to function 'boost::sort::integer_sort' is ambiguous. Found:
              Match in namespace ::
              Match in namespace ::
              Match in namespace ::
Reference to function 'boost::sort::float_sort' is ambiguous. Found:
              Match in namespace ::
              Match in namespace ::
              Match in namespace ::
Reference to function 'boost::sort::string_sort' is ambiguous. Found:
              Match in namespace ::
              Match in namespace ::
              Match in namespace ::
              Match in namespace ::
Reference to function 'boost::sort::integer_sort' is ambiguous. Found:
              Match in namespace ::
              Match in namespace ::
              Match in namespace ::
Reference to function 'boost::sort::string_sort' is ambiguous. Found:
              Match in namespace ::
              Match in namespace ::
              Match in namespace ::
              Match in namespace ::
Reference to function 'boost::sort::float_sort' is ambiguous. Found:
              Match in namespace ::
              Match in namespace ::
              Match in namespace ::
Reference to function 'boost::sort::integer_sort' is ambiguous. Found:
              Match in namespace ::
              Match in namespace ::
              Match in namespace ::
Reference to function 'boost::sort::string_sort' is ambiguous. Found:
              Match in namespace ::
              Match in namespace ::
              Match in namespace ::
              Match in namespace ::
Reference to function 'boost::sort::float_sort' is ambiguous. Found:
              Match in namespace ::
              Match in namespace ::
              Match in namespace ::
Reference to function 'boost::sort::integer_sort' is ambiguous. Found:
              Match in namespace ::
              Match in namespace ::
              Match in namespace ::
Reference to function 'boost::sort::float_sort' is ambiguous. Found:
              Match in namespace ::
              Match in namespace ::
              Match in namespace ::
Reference to function 'boost::sort::string_sort' is ambiguous. Found:
              Match in namespace ::
              Match in namespace ::
              Match in namespace ::
              Match in namespace ::
Reference to function 'boost::sort::string_sort' is ambiguous. Found:
              Match in namespace ::
              Match in namespace ::
              Match in namespace ::
              Match in namespace ::
Reference to function 'boost::sort::integer_sort' is ambiguous. Found:
              Match in namespace ::
              Match in namespace ::
              Match in namespace ::
Reference to function 'boost::sort::float_sort' is ambiguous. Found:
              Match in namespace ::
              Match in namespace ::
              Match in namespace ::
Reference to function 'boost::sort::integer_sort' is ambiguous. Found:
              Match in namespace ::
              Match in namespace ::
              Match in namespace ::
Reference to function 'boost::sort::float_sort' is ambiguous. Found:
              Match in namespace ::
              Match in namespace ::
              Match in namespace ::
Reference to function 'boost::sort::spreadsort' is ambiguous. Found:
              Match in namespace ::
              Match in namespace ::
              Match in namespace ::
Reference to function 'boost::sort::integer_sort' is ambiguous. Found:
              Match in namespace ::
              Match in namespace ::
              Match in namespace ::
Reference to function 'boost::sort::float_sort' is ambiguous. Found:
              Match in namespace ::
              Match in namespace ::
              Match in namespace ::
Reference to function 'boost::sort::string_sort' is ambiguous. Found:
              Match in namespace ::
              Match in namespace ::
              Match in namespace ::
              Match in namespace ::
Reference to function 'boost::sort::integer_sort' is ambiguous. Found:
              Match in namespace ::
              Match in namespace ::
              Match in namespace ::
Reference to function 'boost::sort::float_sort' is ambiguous. Found:
              Match in namespace ::
              Match in namespace ::
              Match in namespace ::
Reference to function 'boost::sort::string_sort' is ambiguous. Found:
              Match in namespace ::
              Match in namespace ::
              Match in namespace ::
              Match in namespace ::
Reference to function 'boost::sort::spreadsort' is ambiguous. Found:
              Match in namespace ::
              Match in namespace ::
              Match in namespace ::
Reference to function 'boost::sort::integer_sort' is ambiguous. Found:
              Match in namespace ::
              Match in namespace ::
              Match in namespace ::
Reference to function 'boost::sort::integer_sort' is ambiguous. Found:
              Match in namespace ::
              Match in namespace ::
              Match in namespace ::
Reference to function 'boost::sort::integer_sort' is ambiguous. Found:
              Match in namespace ::
              Match in namespace ::
              Match in namespace ::
Reference to function 'boost::sort::float_sort' is ambiguous. Found:
              Match in namespace ::
              Match in namespace ::
              Match in namespace ::
Reference to function 'boost::sort::string_sort' is ambiguous. Found:
              Match in namespace ::
              Match in namespace ::
              Match in namespace ::
              Match in namespace ::
Reference to function 'boost::sort::integer_sort' is ambiguous. Found:
              Match in namespace ::
              Match in namespace ::
              Match in namespace ::
Reference to function 'boost::sort::float_sort' is ambiguous. Found:
              Match in namespace ::
              Match in namespace ::
              Match in namespace ::
Reference to function 'boost::sort::integer_sort' is ambiguous. Found:
              Match in namespace ::
              Match in namespace ::
              Match in namespace ::
Reference to function 'boost::sort::float_sort' is ambiguous. Found:
              Match in namespace ::
              Match in namespace ::
              Match in namespace ::
Reference to function 'boost::sort::string_sort' is ambiguous. Found:
              Match in namespace ::
              Match in namespace ::
              Match in namespace ::
              Match in namespace ::
Reference to function 'boost::sort::string_sort' is ambiguous. Found:
              Match in namespace ::
              Match in namespace ::
              Match in namespace ::
              Match in namespace ::
Reference to function 'boost::sort::string_sort' is ambiguous. Found:
              Match in namespace ::
              Match in namespace ::
              Match in namespace ::
              Match in namespace ::
Reference to function 'boost::sort::string_sort' is ambiguous. Found:
              Match in namespace ::
              Match in namespace ::
              Match in namespace ::
              Match in namespace ::
Reference to function 'boost::sort::string_sort' is ambiguous. Found:
              Match in namespace ::
              Match in namespace ::
              Match in namespace ::
              Match in namespace ::
Reference to function 'boost::sort::string_sort' is ambiguous. Found:
              Match in namespace ::
              Match in namespace ::
              Match in namespace ::
              Match in namespace ::
Reference to function 'boost::sort::string_sort' is ambiguous. Found:
              Match in namespace ::
              Match in namespace ::
              Match in namespace ::
              Match in namespace ::
Reference to function 'boost::sort::string_sort' is ambiguous. Found:
              Match in namespace ::
              Match in namespace ::
              Match in namespace ::
              Match in namespace ::
Reference to function 'boost::sort::float_sort' is ambiguous. Found:
              Match in namespace ::
              Match in namespace ::
              Match in namespace ::
Reference to function 'boost::sort::string_sort' is ambiguous. Found:
              Match in namespace ::
              Match in namespace ::
              Match in namespace ::
              Match in namespace ::
Reference to function 'boost::sort::integer_sort' is ambiguous. Found:
              Match in namespace ::
              Match in namespace ::
              Match in namespace ::
Reference to function 'boost::sort::integer_sort' is ambiguous. Found:
              Match in namespace ::
              Match in namespace ::
              Match in namespace ::
Reference to function 'boost::sort::integer_sort' is ambiguous. Found:
              Match in namespace ::
              Match in namespace ::
              Match in namespace ::
Cannot find class named 'std::exception'
Cannot find class named 'std::exception'
Cannot find class named 'std::exception'
Cannot find class named 'std::exception'
Cannot find class named 'std::exception'
Cannot find class named 'std::exception'
Cannot find class named 'std::exception'
Cannot find class named 'std::exception'
Cannot find class named 'std::exception'
Cannot find class named 'std::exception'
auto-index.auto-index ..\..\..\bin.v2\libs\sort\doc\msvc-12.0\debug\auto-index-internal-on\auto-index-verbose-on\auto-index-on\threading-multi\sort.auto_index.docbook
Processing script sort.idx
Scanning directory .\../include/boost/sort
Scanning file... .\../include/boost/sort\sort.hpp
Scanning for type "class_name" ... 
Scanning for type "function_name" ... 
Scanning for type "macro_name" ... 
Indexing BOOST_SORT_HPP as type macro_name
Scanning for type "typedef_name" ... 
Scanning directory .\../include/boost/sort/spreadsort
Scanning file... .\../include/boost/sort/spreadsort\float_sort.hpp
Scanning for type "class_name" ... 
Indexing rightshift as type class_name
Scanning for type "function_name" ... 
Indexing float_mem_cast as type function_name
Indexing float_sort as type function_name
Scanning for type "macro_name" ... 
Indexing BOOST_FLOAT_SORT_HPP as type macro_name
Scanning for type "typedef_name" ... 
Scanning file... .\../include/boost/sort/spreadsort\integer_sort.hpp
Scanning for type "class_name" ... 
Scanning for type "function_name" ... 
Indexing integer_sort as type function_name
Scanning for type "macro_name" ... 
Indexing BOOST_INTEGER_SORT_HPP as type macro_name
Scanning for type "typedef_name" ... 
Scanning file... .\../include/boost/sort/spreadsort\spreadsort.hpp
Scanning for type "class_name" ... 
Scanning for type "function_name" ... 
Indexing spreadsort as type function_name
Scanning for type "macro_name" ... 
Indexing BOOST_SORT_SPREADSORT_HPP as type macro_name
Scanning for type "typedef_name" ... 
Scanning file... .\../include/boost/sort/spreadsort\string_sort.hpp
Scanning for type "class_name" ... 
Scanning for type "function_name" ... 
Indexing string_sort as type function_name
Indexing reverse_string_sort as type function_name
Scanning for type "macro_name" ... 
Indexing BOOST_STRING_SORT_HPP as type macro_name
Scanning for type "typedef_name" ... 
Scanning directory .\../example
Scanning file... .\../example\alrbreaker.cpp
Scanning for type "class_name" ... 
Scanning for type "function_name" ... 
Indexing fill_vector as type function_name
Indexing main as type function_name
Indexing for as type function_name
Indexing printf as type function_name
Scanning for type "macro_name" ... 
Indexing DATA_TYPE as type macro_name
Indexing ALR_THRESHOLD as type macro_name
Scanning for type "typedef_name" ... 
Scanning file... .\../example\alreadysorted.cpp
Scanning for type "class_name" ... 
Scanning for type "function_name" ... 
Indexing input as type function_name
Scanning for type "macro_name" ... 
Scanning for type "typedef_name" ... 
Scanning file... .\../example\binaryalrbreaker.cpp
Scanning for type "class_name" ... 
Scanning for type "function_name" ... 
Indexing get_index as type function_name
Scanning for type "macro_name" ... 
Scanning for type "typedef_name" ... 
Scanning file... .\../example\boostrandomgen.cpp
Scanning for type "class_name" ... 
Scanning for type "function_name" ... 
Indexing srand as type function_name
Scanning for type "macro_name" ... 
Scanning for type "typedef_name" ... 
Scanning file... .\../example\caseinsensitive.cpp
Scanning for type "class_name" ... 
Indexing DATA_TYPE as type class_name
Indexing lessthan as type class_name
Indexing bracket as type class_name
Indexing getsize as type class_name
Scanning for type "function_name" ... 
Indexing toupper as type function_name
Scanning for type "macro_name" ... 
Scanning for type "typedef_name" ... 
Scanning file... .\../example\charstringsample.cpp
Scanning for type "class_name" ... 
Scanning for type "function_name" ... 
Scanning for type "macro_name" ... 
Scanning for type "typedef_name" ... 
Scanning file... .\../example\double.cpp
Scanning for type "class_name" ... 
Scanning for type "function_name" ... 
Scanning for type "macro_name" ... 
Indexing CAST_TYPE as type macro_name
Scanning for type "typedef_name" ... 
Scanning file... .\../example\floatfunctorsample.cpp
Scanning for type "class_name" ... 
Scanning for type "function_name" ... 
Scanning for type "macro_name" ... 
Indexing KEY_TYPE as type macro_name
Scanning for type "typedef_name" ... 
Scanning file... .\../example\floatsample.cpp
Scanning for type "class_name" ... 
Scanning for type "function_name" ... 
Scanning for type "macro_name" ... 
Scanning for type "typedef_name" ... 
Scanning file... .\../example\generalizedstruct.cpp
Scanning for type "class_name" ... 
Scanning for type "function_name" ... 
Scanning for type "macro_name" ... 
Scanning for type "typedef_name" ... 
Scanning file... .\../example\int64.cpp
Scanning for type "class_name" ... 
Scanning for type "function_name" ... 
Scanning for type "macro_name" ... 
Scanning for type "typedef_name" ... 
Scanning file... .\../example\keyplusdatasample.cpp
Scanning for type "class_name" ... 
Scanning for type "function_name" ... 
Scanning for type "macro_name" ... 
Scanning for type "typedef_name" ... 
Scanning file... .\../example\mostlysorted.cpp
Scanning for type "class_name" ... 
Scanning for type "function_name" ... 
Scanning for type "macro_name" ... 
Scanning for type "typedef_name" ... 
Scanning file... .\../example\parallelint.cpp
Scanning for type "class_name" ... 
Scanning for type "function_name" ... 
Indexing is_sorted as type function_name
Indexing sort_loop as type function_name
Scanning for type "macro_name" ... 
Scanning for type "typedef_name" ... 
Scanning file... .\../example\parallelstring.cpp
Scanning for type "class_name" ... 
Scanning for type "function_name" ... 
Indexing sort_core as type function_name
Indexing temp as type function_name
Scanning for type "macro_name" ... 
Scanning for type "typedef_name" ... 
Scanning file... .\../example\randomgen.cpp
Scanning for type "class_name" ... 
Scanning for type "function_name" ... 
Scanning for type "macro_name" ... 
Scanning for type "typedef_name" ... 
Scanning file... .\../example\reverseintsample.cpp
Scanning for type "class_name" ... 
Indexing negrightshift as type class_name
Scanning for type "function_name" ... 
Scanning for type "macro_name" ... 
Scanning for type "typedef_name" ... 
Scanning file... .\../example\reversestringfunctorsample.cpp
Scanning for type "class_name" ... 
Indexing greaterthan as type class_name
Scanning for type "function_name" ... 
Scanning for type "macro_name" ... 
Scanning for type "typedef_name" ... 
Scanning file... .\../example\reversestringsample.cpp
Scanning for type "class_name" ... 
Scanning for type "function_name" ... 
Scanning for type "macro_name" ... 
Scanning for type "typedef_name" ... 
Scanning file... .\../example\rightshiftsample.cpp
Scanning for type "class_name" ... 
Scanning for type "function_name" ... 
Scanning for type "macro_name" ... 
Scanning for type "typedef_name" ... 
Scanning file... .\../example\sample.cpp
Scanning for type "class_name" ... 
Scanning for type "function_name" ... 
Scanning for type "macro_name" ... 
Scanning for type "typedef_name" ... 
Scanning file... .\../example\shiftfloatsample.cpp
Scanning for type "class_name" ... 
Scanning for type "function_name" ... 
Scanning for type "macro_name" ... 
Scanning for type "typedef_name" ... 
Scanning file... .\../example\stringfunctorsample.cpp
Scanning for type "class_name" ... 
Scanning for type "function_name" ... 
Scanning for type "macro_name" ... 
Scanning for type "typedef_name" ... 
Scanning file... .\../example\stringsample.cpp
Scanning for type "class_name" ... 
Scanning for type "function_name" ... 
Scanning for type "macro_name" ... 
Scanning for type "typedef_name" ... 
Scanning file... .\../example\wstringsample.cpp
Scanning for type "class_name" ... 
Scanning for type "function_name" ... 
Scanning for type "macro_name" ... 
Scanning for type "typedef_name" ... 
Indexing 55 terms...
Indexing section: Boost.Sort
Indexing section: Overview
Indexing section: Introduction
Indexing section: Overloading
Indexing section: Performance
Indexing section: Tuning
Indexing section: Spreadsort
Indexing section: Header &lt; boost / sort / spreadsort / spreadsort . hpp &gt;
Indexing section: Spreadsort Examples
Indexing section: Integer Spreadsort
Indexing section: Integer Sort Examples
Indexing section: Rationale
Indexing section: Radix Sorting
Indexing section: Hybrid Radix
Indexing section: Why spreadsort?
Indexing section: Unstable Sorting
Indexing section: Unused X86 optimization
Indexing section: Lookup Table?
Indexing section: Definitions
Indexing section: Frequently asked Questions
Indexing section: Acknowledgements
Indexing section: Bibliography
Indexing section: History
Indexing section: Boost.Sort C++ Reference
Indexing section: Header &lt; boost/sort/spreadsort/float_sort.hpp &gt;
Indexing refentry: Function template float_mem_cast
Indexing refentry: Function template float_sort
Indexing refentry: Function template float_sort
Indexing refentry: Function template float_sort
Indexing section: Header &lt; boost/sort/spreadsort/integer_sort.hpp &gt;
Indexing refentry: Function template integer_sort
Indexing refentry: Function template integer_sort
Indexing refentry: Function template integer_sort
Indexing section: Header &lt; boost/sort/spreadsort/spreadsort.hpp &gt;
Indexing refentry: Function template spreadsort
Indexing refentry: Function template spreadsort
Indexing refentry: Function template spreadsort
Indexing section: Header &lt; boost/sort/spreadsort/string_sort.hpp &gt;
Indexing refentry: Function template string_sort
Indexing refentry: Function template string_sort
Indexing refentry: Function template reverse_string_sort
Indexing refentry: Function template reverse_string_sort
Indexing refentry: Function template string_sort
Indexing refentry: Function template string_sort
Indexing refentry: Function template reverse_string_sort
46 Index entries were created.
xslt-xsltproc.windows ..\..\..\bin.v2\libs\sort\doc\msvc-12.0\debug\auto-index-internal-on\auto-index-verbose-on\auto-index-on\threading-multi\sort.auto_index.fo
Making portrait pages on A4 paper (210mmx297mm)
fop.render.pdf ..\..\..\bin.v2\libs\sort\doc\msvc-12.0\debug\auto-index-internal-on\auto-index-verbose-on\auto-index-on\threading-multi\sort.auto_index.pdf
(document [system-id file:/I:/modular-boost/libs/sort/doc/../../../bin.v2/libs/sort/doc/msvc-12.0/debug/auto-index-internal-on/auto-index-verbose-on/auto-index-on/threading-multi/sort.auto_index.fo]
  (validate 
    [warning] Attribute 'external-destination' cannot have a value of "http://boost.org/LICENSE_1_0.txt": should be either 'inherit' or a URI: external-destination="url(...)".
    [warning] Attribute 'external-destination' cannot have a value of "http://www.cplusplus.com/reference/algorithm/sort/": should be either 'inherit' or a URI: external-destination="url(...)".
    [warning] Attribute 'src' cannot have a value of "I:\modular-boost\doc\src\images/warning.svg": should be either 'inherit' or a URI: src="url(...)".
    [warning] Attribute 'external-destination' cannot have a value of "http://www.cplusplus.com/reference/iterator/RandomAccessIterator/": should be either 'inherit' or a URI: external-destination="url(...)".
    [warning] Attribute 'external-destination' cannot have a value of "http://en.cppreference.com/w/cpp/algorithm/sort": should be either 'inherit' or a URI: external-destination="url(...)".
    [warning] Attribute 'external-destination' cannot have a value of "http://en.cppreference.com/w/cpp/algorithm/sort": should be either 'inherit' or a URI: external-destination="url(...)".
    [warning] Attribute 'external-destination' cannot have a value of "http://en.wikipedia.org/wiki/Spreadsort": should be either 'inherit' or a URI: external-destination="url(...)".
    [warning] Attribute 'external-destination' cannot have a value of "http://en.wikipedia.org/wiki/Spreadsort": should be either 'inherit' or a URI: external-destination="url(...)".
    [warning] Attribute 'external-destination' cannot have a value of "http://en.wikipedia.org/wiki/Spreadsort": should be either 'inherit' or a URI: external-destination="url(...)".
    [warning] Attribute 'external-destination' cannot have a value of "http://en.cppreference.com/w/cpp/algorithm/sort": should be either 'inherit' or a URI: external-destination="url(...)".
    [warning] Attribute 'external-destination' cannot have a value of "http://en.wikipedia.org/wiki/Spreadsort": should be either 'inherit' or a URI: external-destination="url(...)".
    [warning] Attribute 'external-destination' cannot have a value of "http://en.wikipedia.org/wiki/Spreadsort": should be either 'inherit' or a URI: external-destination="url(...)".
    [warning] Attribute 'external-destination' cannot have a value of "http://en.cppreference.com/w/cpp/algorithm/sort": should be either 'inherit' or a URI: external-destination="url(...)".
    [warning] Attribute 'external-destination' cannot have a value of "http://en.cppreference.com/w/cpp/algorithm/sort": should be either 'inherit' or a URI: external-destination="url(...)".
    [warning] Attribute 'external-destination' cannot have a value of "http://en.wikipedia.org/wiki/Spreadsort": should be either 'inherit' or a URI: external-destination="url(...)".
    [warning] Attribute 'external-destination' cannot have a value of "http://en.cppreference.com/w/cpp/algorithm/sort": should be either 'inherit' or a URI: external-destination="url(...)".
    [warning] Attribute 'external-destination' cannot have a value of "http://en.wikipedia.org/wiki/Spreadsort": should be either 'inherit' or a URI: external-destination="url(...)".
    [warning] Attribute 'external-destination' cannot have a value of "http://en.cppreference.com/w/cpp/algorithm/sort": should be either 'inherit' or a URI: external-destination="url(...)".
    [warning] Attribute 'src' cannot have a value of "I:\modular-boost\doc\src\images/tip.svg": should be either 'inherit' or a URI: src="url(...)".
    [warning] Attribute 'external-destination' cannot have a value of "http://en.cppreference.com/w/cpp/algorithm/sort": should be either 'inherit' or a URI: external-destination="url(...)".
    [warning] Attribute 'external-destination' cannot have a value of "../../example/rightshiftsample.cpp": should be either 'inherit' or a URI: external-destination="url(...)".
    [warning] Attribute 'external-destination' cannot have a value of "../../example/stringfunctorsample.cpp": should be either 'inherit' or a URI: external-destination="url(...)".
    [warning] Attribute 'external-destination' cannot have a value of "http://en.wikipedia.org/wiki/Spreadsort": should be either 'inherit' or a URI: external-destination="url(...)".
    [warning] Attribute 'external-destination' cannot have a value of "http://en.cppreference.com/w/cpp/algorithm/sort": should be either 'inherit' or a URI: external-destination="url(...)".
    [warning] Attribute 'external-destination' cannot have a value of "http://en.cppreference.com/w/cpp/algorithm/sort": should be either 'inherit' or a URI: external-destination="url(...)".
    [warning] Attribute 'external-destination' cannot have a value of "http://www.boost.org/build/doc/html/": should be either 'inherit' or a URI: external-destination="url(...)".
    [warning] Attribute 'external-destination' cannot have a value of "http://en.cppreference.com/w/cpp/algorithm/sort": should be either 'inherit' or a URI: external-destination="url(...)".
    [warning] Attribute 'src' cannot have a value of "I:\modular-boost\doc\src\images/note.svg": should be either 'inherit' or a URI: src="url(...)".
    [warning] Attribute 'external-destination' cannot have a value of "http://en.cppreference.com/w/cpp/algorithm/sort": should be either 'inherit' or a URI: external-destination="url(...)".
    [warning] Attribute 'external-destination' cannot have a value of "http://en.cppreference.com/w/cpp/algorithm/sort": should be either 'inherit' or a URI: external-destination="url(...)".
    [warning] Attribute 'external-destination' cannot have a value of "http://en.cppreference.com/w/cpp/algorithm/sort": should be either 'inherit' or a URI: external-destination="url(...)".
    [warning] Attribute 'src' cannot have a value of "I:\modular-boost\doc\src\images/note.svg": should be either 'inherit' or a URI: src="url(...)".
    [warning] Attribute 'src' cannot have a value of "I:\modular-boost\libs\sort\doc\doc/../images/single_threaded.png": should be either 'inherit' or a URI: src="url(...)".
    [warning] Attribute 'src' cannot have a value of "I:\modular-boost\libs\sort\doc\doc/../images/4_threaded.png": should be either 'inherit' or a URI: src="url(...)".
    [warning] Attribute 'src' cannot have a value of "I:\modular-boost\libs\sort\doc\doc/../images/entropy.png": should be either 'inherit' or a URI: src="url(...)".
    [warning] Attribute 'src' cannot have a value of "I:\modular-boost\libs\sort\doc\doc/../images/bits_per_byte.png": should be either 'inherit' or a URI: src="url(...)".
    [warning] Attribute 'external-destination' cannot have a value of "http://en.wikipedia.org/wiki/Spreadsort": should be either 'inherit' or a URI: external-destination="url(...)".
    [warning] Attribute 'external-destination' cannot have a value of "http://www.nik.no/2002/Maus.pdf": should be either 'inherit' or a URI: external-destination="url(...)".
    [warning] Attribute 'external-destination' cannot have a value of "http://en.cppreference.com/w/cpp/algorithm/sort": should be either 'inherit' or a URI: external-destination="url(...)".
    [warning] Attribute 'external-destination' cannot have a value of "http://en.wikipedia.org/wiki/Introsort": should be either 'inherit' or a URI: external-destination="url(...)".
    [warning] Attribute 'external-destination' cannot have a value of "http://en.cppreference.com/w/cpp/algorithm/sort": should be either 'inherit' or a URI: external-destination="url(...)".
    [warning] Attribute 'external-destination' cannot have a value of "http://en.cppreference.com/w/cpp/algorithm/sort": should be either 'inherit' or a URI: external-destination="url(...)".
    [warning] Attribute 'external-destination' cannot have a value of "http://en.wikipedia.org/wiki/Introsort": should be either 'inherit' or a URI: external-destination="url(...)".
    [warning] Attribute 'external-destination' cannot have a value of "http://en.cppreference.com/w/cpp/algorithm/sort": should be either 'inherit' or a URI: external-destination="url(...)".
    [warning] Attribute 'external-destination' cannot have a value of "http://en.wikipedia.org/wiki/Introsort": should be either 'inherit' or a URI: external-destination="url(...)".
    [warning] Attribute 'external-destination' cannot have a value of "http://en.cppreference.com/w/cpp/algorithm/sort": should be either 'inherit' or a URI: external-destination="url(...)".
    [warning] Attribute 'external-destination' cannot have a value of "http://en.cppreference.com/w/cpp/algorithm/sort": should be either 'inherit' or a URI: external-destination="url(...)".
    [warning] Attribute 'external-destination' cannot have a value of "http://en.cppreference.com/w/cpp/algorithm/sort": should be either 'inherit' or a URI: external-destination="url(...)".
    [warning] Attribute 'external-destination' cannot have a value of "http://en.wikipedia.org/wiki/Radix_sort": should be either 'inherit' or a URI: external-destination="url(...)".
    [warning] Attribute 'external-destination' cannot have a value of "http://en.wikipedia.org/wiki/Radix_sort": should be either 'inherit' or a URI: external-destination="url(...)".
    [warning] Attribute 'external-destination' cannot have a value of "http://en.cppreference.com/w/cpp/algorithm/sort": should be either 'inherit' or a URI: external-destination="url(...)".
    [warning] Attribute 'external-destination' cannot have a value of "http://en.wikipedia.org/wiki/American_flag_sort": should be either 'inherit' or a URI: external-destination="url(...)".
    [warning] Attribute 'external-destination' cannot have a value of "http://en.wikipedia.org/wiki/Spreadsort": should be either 'inherit' or a URI: external-destination="url(...)".
    [warning] Attribute 'external-destination' cannot have a value of "../../example/": should be either 'inherit' or a URI: external-destination="url(...)".
    [warning] Attribute 'external-destination' cannot have a value of "../../example/sample.cpp": should be either 'inherit' or a URI: external-destination="url(...)".
    [warning] Attribute 'external-destination' cannot have a value of "../../example/int64.cpp": should be either 'inherit' or a URI: external-destination="url(...)".
    [warning] Attribute 'external-destination' cannot have a value of "../../example/rightshiftsample.cpp": should be either 'inherit' or a URI: external-destination="url(...)".
    [warning] Attribute 'external-destination' cannot have a value of "../../example/floatsample.cpp": should be either 'inherit' or a URI: external-destination="url(...)".
    [warning] Attribute 'external-destination' cannot have a value of "../../example/floatfunctorsample.cpp": should be either 'inherit' or a URI: external-destination="url(...)".
    [warning] Attribute 'external-destination' cannot have a value of "http://en.cppreference.com/w/cpp/algorithm/sort": should be either 'inherit' or a URI: external-destination="url(...)".
    [warning] Attribute 'external-destination' cannot have a value of "../../doc/graph/windows_integer_sort.htm": should be either 'inherit' or a URI: external-destination="url(...)".
    [warning] Attribute 'external-destination' cannot have a value of "../../doc/graph/osx_integer_sort.htm": should be either 'inherit' or a URI: external-destination="url(...)".
    [warning] Attribute 'external-destination' cannot have a value of "../../example/keyplusdatasample.cpp": should be either 'inherit' or a URI: external-destination="url(...)".
    [warning] Attribute 'external-destination' cannot have a value of "http://en.wikipedia.org/wiki/Radix_sort": should be either 'inherit' or a URI: external-destination="url(...)".
    [warning] Attribute 'external-destination' cannot have a value of "http://en.wikipedia.org/wiki/Radix_sort": should be either 'inherit' or a URI: external-destination="url(...)".
    [warning] Attribute 'external-destination' cannot have a value of "http://en.wikipedia.org/wiki/Radix_sort": should be either 'inherit' or a URI: external-destination="url(...)".
    [warning] Attribute 'external-destination' cannot have a value of "http://en.wikipedia.org/wiki/Introsort": should be either 'inherit' or a URI: external-destination="url(...)".
    [warning] Attribute 'external-destination' cannot have a value of "http://en.wikipedia.org/wiki/Spreadsort": should be either 'inherit' or a URI: external-destination="url(...)".
    [warning] Attribute 'external-destination' cannot have a value of "http://en.wikipedia.org/wiki/Radix_sort": should be either 'inherit' or a URI: external-destination="url(...)".
    [warning] Attribute 'external-destination' cannot have a value of "http://en.wikipedia.org/wiki/Introsort": should be either 'inherit' or a URI: external-destination="url(...)".
    [warning] Attribute 'external-destination' cannot have a value of "http://en.cppreference.com/w/cpp/algorithm/sort": should be either 'inherit' or a URI: external-destination="url(...)".
    [warning] Attribute 'external-destination' cannot have a value of "http://en.wikipedia.org/wiki/American_flag_sort": should be either 'inherit' or a URI: external-destination="url(...)".
    [warning] Attribute 'external-destination' cannot have a value of "http://en.cppreference.com/w/cpp/algorithm/sort": should be either 'inherit' or a URI: external-destination="url(...)".
    [warning] Attribute 'external-destination' cannot have a value of "http://en.wikipedia.org/wiki/American_flag_sort": should be either 'inherit' or a URI: external-destination="url(...)".
    [warning] Attribute 'external-destination' cannot have a value of "http://en.wikipedia.org/wiki/Introsort": should be either 'inherit' or a URI: external-destination="url(...)".
    [warning] Attribute 'external-destination' cannot have a value of "http://en.wikipedia.org/wiki/American_flag_sort": should be either 'inherit' or a URI: external-destination="url(...)".
    [warning] Attribute 'external-destination' cannot have a value of "http://en.wikipedia.org/wiki/Introsort": should be either 'inherit' or a URI: external-destination="url(...)".
    [warning] Attribute 'external-destination' cannot have a value of "http://en.wikipedia.org/wiki/Radix_sort": should be either 'inherit' or a URI: external-destination="url(...)".
    [warning] Attribute 'external-destination' cannot have a value of "http://en.wikipedia.org/wiki/Radix_sort": should be either 'inherit' or a URI: external-destination="url(...)".
    [warning] Attribute 'external-destination' cannot have a value of "http://www.cplusplus.com/reference/algorithm/sort/": should be either 'inherit' or a URI: external-destination="url(...)".
    [warning] Attribute 'external-destination' cannot have a value of "http://en.wikipedia.org/wiki/Introsort": should be either 'inherit' or a URI: external-destination="url(...)".
    [warning] Attribute 'external-destination' cannot have a value of "http://www.cs.rpi.edu/~musser/gp/introsort.ps": should be either 'inherit' or a URI: external-destination="url(...)".
    [warning] Attribute 'external-destination' cannot have a value of "http://en.wikipedia.org/wiki/American_flag_sort": should be either 'inherit' or a URI: external-destination="url(...)".
    [warning] Attribute 'external-destination' cannot have a value of "../../doc/mcilroy.ps": should be either 'inherit' or a URI: external-destination="url(...)".
    [warning] Attribute 'external-destination' cannot have a value of "http://www.nik.no/2002/Maus.pdf": should be either 'inherit' or a URI: external-destination="url(...)".
    [warning] Attribute 'external-destination' cannot have a value of "../../doc/papers/original_spreadsort06_2002.pdf": should be either 'inherit' or a URI: external-destination="url(...)".
    [warning] Attribute 'external-destination' cannot have a value of "http://permalink.gmane.org/gmane.comp.lib.boost.devel/255194": should be either 'inherit' or a URI: external-destination="url(...)".
    [warning] Attribute 'external-destination' cannot have a value of "../../../../boost/sort/spreadsort/float_sort.hpp": should be either 'inherit' or a URI: external-destination="url(...)".
    [warning] Attribute 'external-destination' cannot have a value of "../../doc/graph/windows_float_sort.htm": should be either 'inherit' or a URI: external-destination="url(...)".
    [warning] Attribute 'external-destination' cannot have a value of "../../doc/graph/osx_float_sort.htm": should be either 'inherit' or a URI: external-destination="url(...)".
    [warning] Attribute 'external-destination' cannot have a value of "http://www.cplusplus.com/reference/iterator/RandomAccessIterator/": should be either 'inherit' or a URI: external-destination="url(...)".
    [warning] Attribute 'external-destination' cannot have a value of "http://www.cplusplus.com/reference/iterator/RandomAccessIterator/": should be either 'inherit' or a URI: external-destination="url(...)".
    [warning] Attribute 'external-destination' cannot have a value of "http://www.cplusplus.com/reference/iterator/RandomAccessIterator/": should be either 'inherit' or a URI: external-destination="url(...)".
    [warning] Attribute 'external-destination' cannot have a value of "../../../../boost/sort/spreadsort/integer_sort.hpp": should be either 'inherit' or a URI: external-destination="url(...)".
    [warning] Attribute 'external-destination' cannot have a value of "../../doc/graph/windows_integer_sort.htm": should be either 'inherit' or a URI: external-destination="url(...)".
    [warning] Attribute 'external-destination' cannot have a value of "../../doc/graph/osx_integer_sort.htm": should be either 'inherit' or a URI: external-destination="url(...)".
    [warning] Attribute 'src' cannot have a value of "I:\modular-boost\doc\src\images/warning.svg": should be either 'inherit' or a URI: src="url(...)".
    [warning] Attribute 'src' cannot have a value of "I:\modular-boost\doc\src\images/warning.svg": should be either 'inherit' or a URI: src="url(...)".
    [warning] Attribute 'src' cannot have a value of "I:\modular-boost\doc\src\images/note.svg": should be either 'inherit' or a URI: src="url(...)".
    [warning] Attribute 'external-destination' cannot have a value of "http://www.cplusplus.com/reference/iterator/RandomAccessIterator/": should be either 'inherit' or a URI: external-destination="url(...)".
    [warning] Attribute 'external-destination' cannot have a value of "http://en.cppreference.com/w/cpp/concept/LessThanComparable": should be either 'inherit' or a URI: external-destination="url(...)".
    [warning] Attribute 'external-destination' cannot have a value of "../../doc/graph/windows_integer_sort.htm": should be either 'inherit' or a URI: external-destination="url(...)".
    [warning] Attribute 'external-destination' cannot have a value of "../../doc/graph/osx_integer_sort.htm": should be either 'inherit' or a URI: external-destination="url(...)".
    [warning] Attribute 'src' cannot have a value of "I:\modular-boost\doc\src\images/warning.svg": should be either 'inherit' or a URI: src="url(...)".
    [warning] Attribute 'src' cannot have a value of "I:\modular-boost\doc\src\images/warning.svg": should be either 'inherit' or a URI: src="url(...)".
    [warning] Attribute 'src' cannot have a value of "I:\modular-boost\doc\src\images/note.svg": should be either 'inherit' or a URI: src="url(...)".
    [warning] Attribute 'external-destination' cannot have a value of "http://www.cplusplus.com/reference/iterator/RandomAccessIterator/": should be either 'inherit' or a URI: external-destination="url(...)".
    [warning] Attribute 'external-destination' cannot have a value of "http://en.cppreference.com/w/cpp/concept/LessThanComparable": should be either 'inherit' or a URI: external-destination="url(...)".
    [warning] Attribute 'external-destination' cannot have a value of "../../doc/graph/windows_integer_sort.htm": should be either 'inherit' or a URI: external-destination="url(...)".
    [warning] Attribute 'external-destination' cannot have a value of "../../doc/graph/osx_integer_sort.htm": should be either 'inherit' or a URI: external-destination="url(...)".
    [warning] Attribute 'src' cannot have a value of "I:\modular-boost\doc\src\images/warning.svg": should be either 'inherit' or a URI: src="url(...)".
    [warning] Attribute 'src' cannot have a value of "I:\modular-boost\doc\src\images/warning.svg": should be either 'inherit' or a URI: src="url(...)".
    [warning] Attribute 'src' cannot have a value of "I:\modular-boost\doc\src\images/note.svg": should be either 'inherit' or a URI: src="url(...)".
    [warning] Attribute 'external-destination' cannot have a value of "http://www.cplusplus.com/reference/iterator/RandomAccessIterator/": should be either 'inherit' or a URI: external-destination="url(...)".
    [warning] Attribute 'external-destination' cannot have a value of "http://en.cppreference.com/w/cpp/concept/LessThanComparable": should be either 'inherit' or a URI: external-destination="url(...)".
    [warning] Attribute 'external-destination' cannot have a value of "../../../../boost/sort/spreadsort/spreadsort.hpp": should be either 'inherit' or a URI: external-destination="url(...)".
    [warning] Attribute 'src' cannot have a value of "I:\modular-boost\doc\src\images/note.svg": should be either 'inherit' or a URI: src="url(...)".
    [warning] Attribute 'external-destination' cannot have a value of "http://www.cplusplus.com/reference/iterator/RandomAccessIterator/": should be either 'inherit' or a URI: external-destination="url(...)".
    [warning] Attribute 'external-destination' cannot have a value of "http://en.cppreference.com/w/cpp/concept/LessThanComparable": should be either 'inherit' or a URI: external-destination="url(...)".
    [warning] Attribute 'src' cannot have a value of "I:\modular-boost\doc\src\images/note.svg": should be either 'inherit' or a URI: src="url(...)".
    [warning] Attribute 'external-destination' cannot have a value of "http://www.cplusplus.com/reference/iterator/RandomAccessIterator/": should be either 'inherit' or a URI: external-destination="url(...)".
    [warning] Attribute 'external-destination' cannot have a value of "http://en.cppreference.com/w/cpp/concept/LessThanComparable": should be either 'inherit' or a URI: external-destination="url(...)".
    [warning] Attribute 'src' cannot have a value of "I:\modular-boost\doc\src\images/note.svg": should be either 'inherit' or a URI: src="url(...)".
    [warning] Attribute 'external-destination' cannot have a value of "http://www.cplusplus.com/reference/iterator/RandomAccessIterator/": should be either 'inherit' or a URI: external-destination="url(...)".
    [warning] Attribute 'external-destination' cannot have a value of "http://en.cppreference.com/w/cpp/concept/LessThanComparable": should be either 'inherit' or a URI: external-destination="url(...)".
    [warning] Attribute 'external-destination' cannot have a value of "../../../../boost/sort/spreadsort/string_sort.hpp": should be either 'inherit' or a URI: external-destination="url(...)".
    [warning] Attribute 'external-destination' cannot have a value of "../../doc/graph/windows_string_sort.htm": should be either 'inherit' or a URI: external-destination="url(...)".
    [warning] Attribute 'external-destination' cannot have a value of "../../doc/graph/osx_string_sort.htm": should be either 'inherit' or a URI: external-destination="url(...)".
    [warning] Attribute 'src' cannot have a value of "I:\modular-boost\doc\src\images/warning.svg": should be either 'inherit' or a URI: src="url(...)".
    [warning] Attribute 'src' cannot have a value of "I:\modular-boost\doc\src\images/warning.svg": should be either 'inherit' or a URI: src="url(...)".
    [warning] Attribute 'src' cannot have a value of "I:\modular-boost\doc\src\images/note.svg": should be either 'inherit' or a URI: src="url(...)".
    [warning] Attribute 'external-destination' cannot have a value of "http://www.cplusplus.com/reference/iterator/RandomAccessIterator/": should be either 'inherit' or a URI: external-destination="url(...)".
    [warning] Attribute 'external-destination' cannot have a value of "http://en.cppreference.com/w/cpp/concept/LessThanComparable": should be either 'inherit' or a URI: external-destination="url(...)".
    [warning] Attribute 'external-destination' cannot have a value of "../../doc/graph/windows_string_sort.htm": should be either 'inherit' or a URI: external-destination="url(...)".
    [warning] Attribute 'external-destination' cannot have a value of "../../doc/graph/osx_string_sort.htm": should be either 'inherit' or a URI: external-destination="url(...)".
    [warning] Attribute 'src' cannot have a value of "I:\modular-boost\doc\src\images/warning.svg": should be either 'inherit' or a URI: src="url(...)".
    [warning] Attribute 'src' cannot have a value of "I:\modular-boost\doc\src\images/warning.svg": should be either 'inherit' or a URI: src="url(...)".
    [warning] Attribute 'src' cannot have a value of "I:\modular-boost\doc\src\images/note.svg": should be either 'inherit' or a URI: src="url(...)".
    [warning] Attribute 'external-destination' cannot have a value of "http://www.cplusplus.com/reference/iterator/RandomAccessIterator/": should be either 'inherit' or a URI: external-destination="url(...)".
    [warning] Attribute 'external-destination' cannot have a value of "http://en.cppreference.com/w/cpp/concept/LessThanComparable": should be either 'inherit' or a URI: external-destination="url(...)".
    [warning] Attribute 'external-destination' cannot have a value of "../../doc/graph/windows_integer_sort.htm": should be either 'inherit' or a URI: external-destination="url(...)".
    [warning] Attribute 'external-destination' cannot have a value of "../../doc/graph/osx_integer_sort.htm": should be either 'inherit' or a URI: external-destination="url(...)".
    [warning] Attribute 'src' cannot have a value of "I:\modular-boost\doc\src\images/warning.svg": should be either 'inherit' or a URI: src="url(...)".
    [warning] Attribute 'src' cannot have a value of "I:\modular-boost\doc\src\images/warning.svg": should be either 'inherit' or a URI: src="url(...)".
    [warning] Attribute 'src' cannot have a value of "I:\modular-boost\doc\src\images/note.svg": should be either 'inherit' or a URI: src="url(...)".
    [warning] Attribute 'external-destination' cannot have a value of "http://www.cplusplus.com/reference/iterator/RandomAccessIterator/": should be either 'inherit' or a URI: external-destination="url(...)".
    [warning] Attribute 'external-destination' cannot have a value of "http://en.cppreference.com/w/cpp/concept/LessThanComparable": should be either 'inherit' or a URI: external-destination="url(...)".
    [warning] Attribute 'external-destination' cannot have a value of "../../doc/graph/windows_integer_sort.htm": should be either 'inherit' or a URI: external-destination="url(...)".
    [warning] Attribute 'external-destination' cannot have a value of "../../doc/graph/osx_integer_sort.htm": should be either 'inherit' or a URI: external-destination="url(...)".
    [warning] Attribute 'src' cannot have a value of "I:\modular-boost\doc\src\images/warning.svg": should be either 'inherit' or a URI: src="url(...)".
    [warning] Attribute 'src' cannot have a value of "I:\modular-boost\doc\src\images/warning.svg": should be either 'inherit' or a URI: src="url(...)".
    [warning] Attribute 'src' cannot have a value of "I:\modular-boost\doc\src\images/note.svg": should be either 'inherit' or a URI: src="url(...)".
    [warning] Attribute 'external-destination' cannot have a value of "http://www.cplusplus.com/reference/iterator/RandomAccessIterator/": should be either 'inherit' or a URI: external-destination="url(...)".
    [warning] Attribute 'external-destination' cannot have a value of "http://en.cppreference.com/w/cpp/concept/LessThanComparable": should be either 'inherit' or a URI: external-destination="url(...)".
    [warning] Attribute 'external-destination' cannot have a value of "../../doc/graph/windows_integer_sort.htm": should be either 'inherit' or a URI: external-destination="url(...)".
    [warning] Attribute 'external-destination' cannot have a value of "../../doc/graph/osx_integer_sort.htm": should be either 'inherit' or a URI: external-destination="url(...)".
    [warning] Attribute 'src' cannot have a value of "I:\modular-boost\doc\src\images/warning.svg": should be either 'inherit' or a URI: src="url(...)".
    [warning] Attribute 'src' cannot have a value of "I:\modular-boost\doc\src\images/warning.svg": should be either 'inherit' or a URI: src="url(...)".
    [warning] Attribute 'src' cannot have a value of "I:\modular-boost\doc\src\images/note.svg": should be either 'inherit' or a URI: src="url(...)".
    [warning] Attribute 'external-destination' cannot have a value of "http://www.cplusplus.com/reference/iterator/RandomAccessIterator/": should be either 'inherit' or a URI: external-destination="url(...)".
    [warning] Attribute 'external-destination' cannot have a value of "http://en.cppreference.com/w/cpp/concept/LessThanComparable": should be either 'inherit' or a URI: external-destination="url(...)".
    [warning] Attribute 'external-destination' cannot have a value of "../../doc/graph/windows_integer_sort.htm": should be either 'inherit' or a URI: external-destination="url(...)".
    [warning] Attribute 'external-destination' cannot have a value of "../../doc/graph/osx_integer_sort.htm": should be either 'inherit' or a URI: external-destination="url(...)".
    [warning] Attribute 'src' cannot have a value of "I:\modular-boost\doc\src\images/warning.svg": should be either 'inherit' or a URI: src="url(...)".
    [warning] Attribute 'src' cannot have a value of "I:\modular-boost\doc\src\images/warning.svg": should be either 'inherit' or a URI: src="url(...)".
    [warning] Attribute 'src' cannot have a value of "I:\modular-boost\doc\src\images/note.svg": should be either 'inherit' or a URI: src="url(...)".
    [warning] Attribute 'external-destination' cannot have a value of "http://www.cplusplus.com/reference/iterator/RandomAccessIterator/": should be either 'inherit' or a URI: external-destination="url(...)".
    [warning] Attribute 'external-destination' cannot have a value of "http://en.cppreference.com/w/cpp/concept/LessThanComparable": should be either 'inherit' or a URI: external-destination="url(...)".
    [warning] Attribute 'external-destination' cannot have a value of "../../doc/graph/windows_integer_sort.htm": should be either 'inherit' or a URI: external-destination="url(...)".
    [warning] Attribute 'external-destination' cannot have a value of "../../doc/graph/osx_integer_sort.htm": should be either 'inherit' or a URI: external-destination="url(...)".
    [warning] Attribute 'src' cannot have a value of "I:\modular-boost\doc\src\images/warning.svg": should be either 'inherit' or a URI: src="url(...)".
    [warning] Attribute 'src' cannot have a value of "I:\modular-boost\doc\src\images/warning.svg": should be either 'inherit' or a URI: src="url(...)".
    [warning] Attribute 'src' cannot have a value of "I:\modular-boost\doc\src\images/note.svg": should be either 'inherit' or a URI: src="url(...)".
    [warning] Attribute 'external-destination' cannot have a value of "http://www.cplusplus.com/reference/iterator/RandomAccessIterator/": should be either 'inherit' or a URI: external-destination="url(...)".
    [warning] Attribute 'external-destination' cannot have a value of "http://en.cppreference.com/w/cpp/concept/LessThanComparable": should be either 'inherit' or a URI: external-destination="url(...)".
    [validation total: 175 warnings])
  (compile 
    (meta-info )
    (masters 
      (sequence-master [master-name blank])
      (sequence-master [master-name titlepage-first])
      (sequence-master [master-name titlepage-odd])
      (sequence-master [master-name titlepage-even])
      (sequence-master [master-name lot-first])
      (sequence-master [master-name lot-odd])
      (sequence-master [master-name lot-even])
      (sequence-master [master-name front-first])
      (sequence-master [master-name front-odd])
      (sequence-master [master-name front-even])
      (sequence-master [master-name body-first])
      (sequence-master [master-name body-odd])
      (sequence-master [master-name body-even])
      (sequence-master [master-name back-first])
      (sequence-master [master-name back-odd])
      (sequence-master [master-name back-even])
      (sequence-master [master-name index-first])
      (sequence-master [master-name index-odd])
      (sequence-master [master-name index-even])
      (sequence-master [master-name titlepage])
      (sequence-master [master-name lot])
      (sequence-master [master-name front])
      (sequence-master [master-name body])
      (sequence-master [master-name back])
      (sequence-master [master-name index]))
    (outline )
    (sequence [master-reference body]
      (static-content [flow-name xsl-region-before-first])
      (static-content [flow-name xsl-region-before-odd])
      (static-content [flow-name xsl-region-before-even])
      (static-content [flow-name xsl-region-before-blank])
      (static-content [flow-name xsl-footnote-separator])
      (static-content [flow-name xsl-region-inner-first])
      (static-content [flow-name xsl-region-inner-odd])
      (static-content [flow-name xsl-region-inner-even])
      (static-content [flow-name xsl-region-inner-blank])
      (static-content [flow-name xsl-region-outer-first])
      (static-content [flow-name xsl-region-outer-odd])
      (static-content [flow-name xsl-region-outer-even])
      (static-content [flow-name xsl-region-outer-blank])
      (static-content [flow-name xsl-region-after-first])
      (static-content [flow-name xsl-region-after-odd])
      (static-content [flow-name xsl-region-after-even])
      (static-content [flow-name xsl-region-after-blank])
      (flow [flow-name xsl-region-body])))
  (format 
    (sequence [master-reference body]
      (flow [1][2][3][4][5][6][7][8][9][10][11][12][13][14][15][16][17][18][19][20][21][22][23][24][25][26][27][28][29][30][31][32][33][34][35][36][37][38][39][40][41][42])
      (static-content [1]|xsl-region-after-first||xsl-region-before-first||xsl-region-inner-first||xsl-region-outer-first|[2]|xsl-region-after-odd||xsl-region-before-odd||xsl-region-inner-odd||xsl-region-outer-odd|[3]|xsl-region-after-odd||xsl-region-before-odd||xsl-region-inner-odd||xsl-region-outer-odd|[4]|xsl-region-after-odd||xsl-region-before-odd||xsl-region-inner-odd||xsl-region-outer-odd|[5]|xsl-region-after-odd||xsl-region-before-odd||xsl-region-inner-odd||xsl-region-outer-odd|[6]|xsl-region-after-odd||xsl-region-before-odd||xsl-region-inner-odd||xsl-region-outer-odd|[7]|xsl-region-after-odd||xsl-region-before-odd||xsl-region-inner-odd||xsl-region-outer-odd|[8]|xsl-region-after-odd||xsl-region-before-odd||xsl-region-inner-odd||xsl-region-outer-odd|[9]|xsl-region-after-odd||xsl-region-before-odd||xsl-region-inner-odd||xsl-region-outer-odd|[10]|xsl-region-after-odd||xsl-region-before-odd||xsl-region-inner-odd||xsl-region-outer-odd|[11]|xsl-region-after-odd||xsl-region-before-odd||xsl-region-inner-odd||xsl-region-outer-odd|[12]|xsl-region-after-odd||xsl-region-before-odd||xsl-region-inner-odd||xsl-region-outer-odd|[13]|xsl-region-after-odd||xsl-region-before-odd||xsl-region-inner-odd||xsl-region-outer-odd|[14]|xsl-region-after-odd||xsl-region-before-odd||xsl-region-inner-odd||xsl-region-outer-odd|[15]|xsl-region-after-odd||xsl-region-before-odd||xsl-region-inner-odd||xsl-region-outer-odd|[16]|xsl-region-after-odd||xsl-region-before-odd||xsl-region-inner-odd||xsl-region-outer-odd|[17]|xsl-region-after-odd||xsl-region-before-odd||xsl-region-inner-odd||xsl-region-outer-odd|[18]|xsl-region-after-odd||xsl-region-before-odd||xsl-region-inner-odd||xsl-region-outer-odd|[19]|xsl-region-after-odd||xsl-region-before-odd||xsl-region-inner-odd||xsl-region-outer-odd|[20]|xsl-region-after-odd||xsl-region-before-odd||xsl-region-inner-odd||xsl-region-outer-odd|[21]|xsl-region-after-odd||xsl-region-before-odd||xsl-region-inner-odd||xsl-region-outer-odd|[22]|xsl-region-after-odd||xsl-region-before-odd||xsl-region-inner-odd||xsl-region-outer-odd|[23]|xsl-region-after-odd||xsl-region-before-odd||xsl-region-inner-odd||xsl-region-outer-odd|[24]|xsl-region-after-odd||xsl-region-before-odd||xsl-region-inner-odd||xsl-region-outer-odd|[25]|xsl-region-after-odd||xsl-region-before-odd||xsl-region-inner-odd||xsl-region-outer-odd|[26]|xsl-region-after-odd||xsl-region-before-odd||xsl-region-inner-odd||xsl-region-outer-odd|[27]|xsl-region-after-odd||xsl-region-before-odd||xsl-region-inner-odd||xsl-region-outer-odd|[28]|xsl-region-after-odd||xsl-region-before-odd||xsl-region-inner-odd||xsl-region-outer-odd|[29]|xsl-region-after-odd||xsl-region-before-odd||xsl-region-inner-odd||xsl-region-outer-odd|[30]|xsl-region-after-odd||xsl-region-before-odd||xsl-region-inner-odd||xsl-region-outer-odd|[31]|xsl-region-after-odd||xsl-region-before-odd||xsl-region-inner-odd||xsl-region-outer-odd|[32]|xsl-region-after-odd||xsl-region-before-odd||xsl-region-inner-odd||xsl-region-outer-odd|[33]|xsl-region-after-odd||xsl-region-before-odd||xsl-region-inner-odd||xsl-region-outer-odd|[34]|xsl-region-after-odd||xsl-region-before-odd||xsl-region-inner-odd||xsl-region-outer-odd|[35]|xsl-region-after-odd||xsl-region-before-odd||xsl-region-inner-odd||xsl-region-outer-odd|[36]|xsl-region-after-odd||xsl-region-before-odd||xsl-region-inner-odd||xsl-region-outer-odd|[37]|xsl-region-after-odd||xsl-region-before-odd||xsl-region-inner-odd||xsl-region-outer-odd|[38]|xsl-region-after-odd||xsl-region-before-odd||xsl-region-inner-odd||xsl-region-outer-odd|[39]|xsl-region-after-odd||xsl-region-before-odd||xsl-region-inner-odd||xsl-region-outer-odd|[40]|xsl-region-after-odd||xsl-region-before-odd||xsl-region-inner-odd||xsl-region-outer-odd|[41]|xsl-region-after-odd||xsl-region-before-odd||xsl-region-inner-odd||xsl-region-outer-odd|[42]|xsl-region-after-odd||xsl-region-before-odd||xsl-region-inner-odd||xsl-region-outer-odd|)))
  (generate [output-format pdf][1][2][3][4][5][6][7][8][9][10][11][12][13][14][15][16][17][18][19][20][21][22][23][24][25][26][27][28][29][30][31][32][33][34][35][36][37][38][39][40][41][42]))
common.copy sort.pdf
..\..\..\bin.v2\libs\sort\doc\msvc-12.0\debug\auto-index-internal-on\auto-index-verbose-on\auto-index-on\threading-multi\sort.auto_index.pdf
        1 file(s) copied.
...updated 12 targets...
